生成启动时间为 2018/12/7 23:29:55。
     1>项目“G:\Microsoft Visual Studio 2013\Code\GA\GA_demo2\GA_demo2\GA_demo2.vcxproj”在节点 2 上(Build 个目标)。
     1>ClCompile:
         G:\Microsoft Visual Studio 2013\VC\bin\CL.exe /c /ZI /nologo /W3 /WX- /sdl /Od /Oy- /D _MBCS /Gm /EHsc /RTC1 /MDd /GS /fp:precise /Zc:wchar_t /Zc:forScope /Fo"Debug\\" /Fd"Debug\vc120.pdb" /Gd /TP /analyze- /errorReport:prompt Genetic.cpp
         Genetic.cpp
     1>g:\microsoft visual studio 2013\code\ga\ga_demo2\ga_demo2\genetic.cpp(201): warning C4244: “=”: 从“double”转换到“int”，可能丢失数据
     1>g:\microsoft visual studio 2013\code\ga\ga_demo2\ga_demo2\genetic.cpp(222): warning C4101: “lbound”: 未引用的局部变量
     1>g:\microsoft visual studio 2013\code\ga\ga_demo2\ga_demo2\genetic.cpp(223): warning C4101: “ubound”: 未引用的局部变量
     1>g:\microsoft visual studio 2013\code\ga\ga_demo2\ga_demo2\genetic.cpp(315): warning C4244: “return”: 从“double”转换到“int”，可能丢失数据
                 g:\microsoft visual studio 2013\code\ga\ga_demo2\ga_demo2\genetic.cpp(505): 参见对正在编译的函数 模板 实例化“T randT<int>(T,T)”的引用
                 with
                 [
                     T=int
                 ]
       Link:
         G:\Microsoft Visual Studio 2013\VC\bin\link.exe /ERRORREPORT:PROMPT /OUT:"G:\Microsoft Visual Studio 2013\Code\GA\GA_demo2\Debug\GA_demo2.exe" /INCREMENTAL /NOLOGO kernel32.lib user32.lib gdi32.lib winspool.lib comdlg32.lib advapi32.lib shell32.lib ole32.lib oleaut32.lib uuid.lib odbc32.lib odbccp32.lib /MANIFEST /MANIFESTUAC:"level='asInvoker' uiAccess='false'" /manifest:embed /DEBUG /PDB:"G:\Microsoft Visual Studio 2013\Code\GA\GA_demo2\Debug\GA_demo2.pdb" /TLBID:1 /DYNAMICBASE /NXCOMPAT /IMPLIB:"G:\Microsoft Visual Studio 2013\Code\GA\GA_demo2\Debug\GA_demo2.lib" /MACHINE:X86 Debug\Genetic.obj
         Debug\main.obj
         GA_demo2.vcxproj -> G:\Microsoft Visual Studio 2013\Code\GA\GA_demo2\Debug\GA_demo2.exe
     1>已完成生成项目“G:\Microsoft Visual Studio 2013\Code\GA\GA_demo2\GA_demo2\GA_demo2.vcxproj”(Build 个目标)的操作。

生成成功。

已用时间 00:00:00.75
